2026-04-22 09:46:24,260 [INFO] ETL: Extraction complete
2026-04-22 09:46:24,353 [INFO] ETL: Silver transformation complete
2026-04-22 09:46:24,926 [INFO] ETL: Fake sales ready
2026-04-22 09:47:04,719 [INFO] ETL: Extraction complete
2026-04-22 09:47:04,769 [INFO] ETL: Silver transformation complete
2026-04-22 09:47:05,310 [INFO] ETL: Fake sales ready
2026-04-22 09:53:35,377 [INFO] ETL: Extraction complete
2026-04-22 09:53:35,473 [INFO] ETL: Silver transformation complete
2026-04-22 09:53:36,036 [INFO] ETL: Fake sales ready
2026-04-22 09:54:58,222 [INFO] ETL: Extraction complete
2026-04-22 09:54:58,278 [INFO] ETL: Merged tables into 'products'
2026-04-22 09:54:58,278 [INFO] ETL: Silver transformation complete
2026-04-22 09:54:58,816 [INFO] ETL: Fake sales ready
2026-04-28 09:59:18,060 [INFO] ETL: Extraction complete
2026-04-28 09:59:18,425 [INFO] ETL: Merged tables into 'products'
2026-04-28 09:59:18,426 [INFO] ETL: Silver transformation complete
2026-04-28 09:59:19,142 [INFO] ETL: Fake sales ready
2026-04-28 12:18:40,673 [INFO] ETL: Extraction complete
2026-04-28 12:18:40,717 [INFO] ETL: Saved DataFrame to CSV: /Users/camelo/power_bi?/data/gold/dummyjson.csv
2026-04-28 12:18:40,719 [INFO] ETL: Saved DataFrame to CSV: /Users/camelo/power_bi?/data/gold/fakestoreapi.csv
2026-04-28 12:18:40,782 [INFO] ETL: Merged tables into 'products'
2026-04-28 12:18:40,783 [INFO] ETL: Silver transformation complete
2026-04-28 12:18:41,378 [INFO] ETL: Fake sales ready
2026-04-28 12:19:12,706 [INFO] ETL: Extraction complete
2026-04-28 12:19:12,727 [ERROR] ETL: Failed to save DataFrame to CSV /Users/camelo/power_bi?/data/gold/dummyjson.csv: Cannot save file into a non-existent directory: '/Users/camelo/power_bi?/data/gold'
2026-04-28 12:20:34,096 [INFO] ETL: Extraction complete
2026-04-28 12:20:34,117 [INFO] ETL: Saved DataFrame to CSV: /Users/camelo/power_bi?/data/gold/dummyjson.csv
2026-04-28 12:20:34,119 [INFO] ETL: Saved DataFrame to CSV: /Users/camelo/power_bi?/data/gold/fakestoreapi.csv
2026-04-28 12:20:34,146 [INFO] ETL: Merged tables into 'products'
2026-04-28 12:20:34,146 [INFO] ETL: Silver transformation complete
2026-04-28 12:20:34,700 [INFO] ETL: Fake sales ready
2026-04-28 12:24:32,305 [INFO] ETL: Extraction complete
2026-04-28 12:24:32,329 [INFO] ETL: Saved DataFrame to CSV: /Users/camelo/power_bi?/data/gold/dummyjson_gold.csv
2026-04-28 12:24:32,331 [INFO] ETL: Saved DataFrame to CSV: /Users/camelo/power_bi?/data/gold/fakestoreapi_gold.csv
2026-04-28 12:24:32,401 [INFO] ETL: Merged tables into 'products'
2026-04-28 12:24:32,402 [INFO] ETL: Silver transformation complete
2026-04-28 12:24:32,966 [INFO] ETL: Saved DataFrame to CSV: /Users/camelo/power_bi?/data/gold/fake_sales_gold.csv_gold.csv
2026-04-28 12:24:32,967 [INFO] ETL: Fake sales ready
2026-04-28 12:26:47,016 [INFO] ETL: Extraction complete
2026-04-28 12:26:47,064 [INFO] ETL: Merged tables into 'products'
2026-04-28 12:26:47,064 [INFO] ETL: Silver transformation complete
2026-04-28 12:26:47,621 [INFO] ETL: Fake sales ready
2026-04-28 12:32:05,752 [INFO] ETL: Extraction complete
2026-04-28 12:32:05,798 [INFO] ETL: Merged tables into 'products'
2026-04-28 12:32:05,798 [INFO] ETL: Silver transformation complete
2026-04-28 12:32:06,566 [INFO] ETL: Fake sales ready
2026-04-28 12:33:35,581 [INFO] ETL: Extraction complete
2026-04-28 12:33:35,647 [INFO] ETL: Merged tables into 'products'
2026-04-28 12:33:35,648 [INFO] ETL: Silver transformation complete
2026-04-28 12:33:36,267 [INFO] ETL: Fake sales ready
2026-04-29 18:14:14,903 [INFO] ETL: Extraction complete
2026-04-29 18:14:15,060 [INFO] ETL: Merged tables into 'products'
2026-04-29 18:14:15,061 [INFO] ETL: Silver transformation complete
2026-04-29 18:14:15,690 [INFO] ETL: Fake sales ready
2026-04-29 18:15:03,570 [INFO] ETL: Extraction complete
2026-04-29 18:15:03,625 [INFO] ETL: Merged tables into 'products'
2026-04-29 18:15:03,625 [INFO] ETL: Silver transformation complete
2026-04-29 18:15:04,236 [INFO] ETL: Fake sales ready
2026-04-29 18:19:22,856 [INFO] ETL: Extraction complete
2026-04-29 18:19:22,934 [INFO] ETL: Merged tables into 'products'
2026-04-29 18:19:22,935 [INFO] ETL: Silver transformation complete
2026-04-29 18:19:23,506 [INFO] ETL: Fake sales ready
2026-04-29 18:22:51,066 [INFO] ETL: Extraction complete
2026-04-29 18:22:51,174 [INFO] ETL: Merged tables into 'products'
2026-04-29 18:22:51,174 [INFO] ETL: Silver transformation complete
2026-04-29 18:22:51,778 [INFO] ETL: Fake sales ready
2026-04-29 18:23:53,127 [INFO] ETL: Extraction complete
2026-04-29 18:23:53,222 [INFO] ETL: Merged tables into 'products'
2026-04-29 18:23:53,223 [INFO] ETL: Silver transformation complete
2026-04-29 18:24:13,420 [INFO] ETL: Extraction complete
2026-04-29 18:24:13,467 [INFO] ETL: Merged tables into 'products'
2026-04-29 18:24:13,468 [INFO] ETL: Silver transformation complete
2026-04-29 18:33:59,890 [INFO] ETL: Extraction complete
2026-04-29 18:34:00,055 [INFO] ETL: Merged tables into 'products'
2026-04-29 18:34:00,056 [INFO] ETL: Silver transformation complete
2026-04-29 18:36:23,417 [INFO] ETL: Extraction complete
2026-04-29 18:36:23,525 [INFO] ETL: Merged tables into 'products'
2026-04-29 18:36:23,525 [INFO] ETL: Silver transformation complete
2026-04-29 18:45:31,700 [INFO] ETL: Extraction complete
2026-04-29 18:45:31,802 [INFO] ETL: Merged tables into 'products'
2026-04-29 18:45:31,803 [INFO] ETL: Silver transformation complete
2026-04-29 18:56:06,635 [INFO] ETL: Extraction complete
2026-04-29 18:56:06,787 [INFO] ETL: Merged tables into 'products'
2026-04-29 18:56:06,787 [INFO] ETL: Silver transformation complete
2026-04-29 18:58:35,690 [INFO] ETL: Extraction complete
2026-04-29 18:58:35,774 [INFO] ETL: Merged tables into 'products'
2026-04-29 18:59:03,562 [INFO] ETL: Extraction complete
2026-04-29 18:59:03,644 [INFO] ETL: Merged tables into 'products'
2026-04-29 18:59:27,671 [INFO] ETL: Extraction complete
2026-04-29 19:00:16,561 [INFO] ETL: Merged tables into 'products'
2026-04-29 19:01:30,762 [INFO] ETL: Extraction complete
2026-04-29 19:01:30,887 [INFO] ETL: Merged tables into 'products'
2026-04-29 19:02:04,221 [INFO] ETL: Extraction complete
2026-04-29 19:02:23,501 [INFO] ETL: Extraction complete
2026-04-29 19:02:23,600 [INFO] ETL: Merged tables into 'products'
2026-04-29 19:07:35,512 [INFO] ETL: Extraction complete
2026-04-29 19:07:35,617 [INFO] ETL: Merged tables into 'products'
